This is pdfTeX, Version 3.1415926-2.5-1.40.14 (TeX Live 2013/W32TeX) (format=pdflatex 2014.3.11)  5 APR 2014 11:56
entering extended mode
 restricted \write18 enabled.
 %&-line parsing enabled.
**unitexample.tex
(./unitexample.tex
LaTeX2e <2011/06/27>
Babel <3.9f> and hyphenation patterns for 78 languages loaded.
(c:/texlive/2013/texmf-dist/tex/latex/base/article.cls
Document Class: article 2007/10/19 v1.4h Standard LaTeX document class
(c:/texlive/2013/texmf-dist/tex/latex/base/size10.clo
File: size10.clo 2007/10/19 v1.4h Standard LaTeX file (size option)
)
\c@part=\count79
\c@section=\count80
\c@subsection=\count81
\c@subsubsection=\count82
\c@paragraph=\count83
\c@subparagraph=\count84
\c@figure=\count85
\c@table=\count86
\abovecaptionskip=\skip41
\belowcaptionskip=\skip42
\bibindent=\dimen102
)
(c:/texlive/2013/texmf-dist/tex/latex/geometry/geometry.sty
Package: geometry 2010/09/12 v5.6 Page Geometry

(c:/texlive/2013/texmf-dist/tex/latex/graphics/keyval.sty
Package: keyval 1999/03/16 v1.13 key=value parser (DPC)
\KV@toks@=\toks14
)
(c:/texlive/2013/texmf-dist/tex/generic/oberdiek/ifpdf.sty
Package: ifpdf 2011/01/30 v2.3 Provides the ifpdf switch (HO)
Package ifpdf Info: pdfTeX in PDF mode is detected.
)
(c:/texlive/2013/texmf-dist/tex/generic/oberdiek/ifvtex.sty
Package: ifvtex 2010/03/01 v1.5 Detect VTeX and its facilities (HO)
Package ifvtex Info: VTeX not detected.
)
(c:/texlive/2013/texmf-dist/tex/generic/ifxetex/ifxetex.sty
Package: ifxetex 2010/09/12 v0.6 Provides ifxetex conditional
)
\Gm@cnth=\count87
\Gm@cntv=\count88
\c@Gm@tempcnt=\count89
\Gm@bindingoffset=\dimen103
\Gm@wd@mp=\dimen104
\Gm@odd@mp=\dimen105
\Gm@even@mp=\dimen106
\Gm@layoutwidth=\dimen107
\Gm@layoutheight=\dimen108
\Gm@layouthoffset=\dimen109
\Gm@layoutvoffset=\dimen110
\Gm@dimlist=\toks15
)
(c:/texlive/2013/texmf-dist/tex/latex/microtype/microtype.sty
Package: microtype 2013/05/23 v2.5a Micro-typographical refinements (RS)
\MT@toks=\toks16
\MT@count=\count90
LaTeX Info: Redefining \textls on input line 766.
\MT@outer@kern=\dimen111
LaTeX Info: Redefining \textmicrotypecontext on input line 1285.
\MT@listname@count=\count91

(c:/texlive/2013/texmf-dist/tex/latex/microtype/microtype-pdftex.def
File: microtype-pdftex.def 2013/05/23 v2.5a Definitions specific to pdftex (RS)

LaTeX Info: Redefining \lsstyle on input line 915.
LaTeX Info: Redefining \lslig on input line 915.
\MT@outer@space=\skip43
)
Package microtype Info: Loading configuration file microtype.cfg.

(c:/texlive/2013/texmf-dist/tex/latex/microtype/microtype.cfg
File: microtype.cfg 2013/05/23 v2.5a microtype main configuration file (RS)
))
(c:/texlive/2013/texmf-dist/tex/latex/tools/array.sty
Package: array 2008/09/09 v2.4c Tabular extension package (FMi)
\col@sep=\dimen112
\extrarowheight=\dimen113
\NC@list=\toks17
\extratabsurround=\skip44
\backup@length=\skip45
)
(c:/texlive/2013/texmf-dist/tex/latex/xcolor/xcolor.sty
Package: xcolor 2007/01/21 v2.11 LaTeX color extensions (UK)

(c:/texlive/2013/texmf-dist/tex/latex/latexconfig/color.cfg
File: color.cfg 2007/01/18 v1.5 color configuration of teTeX/TeXLive
)
Package xcolor Info: Driver file: pdftex.def on input line 225.

(c:/texlive/2013/texmf-dist/tex/latex/pdftex-def/pdftex.def
File: pdftex.def 2011/05/27 v0.06d Graphics/color for pdfTeX

(c:/texlive/2013/texmf-dist/tex/generic/oberdiek/infwarerr.sty
Package: infwarerr 2010/04/08 v1.3 Providing info/warning/error messages (HO)
)
(c:/texlive/2013/texmf-dist/tex/generic/oberdiek/ltxcmds.sty
Package: ltxcmds 2011/11/09 v1.22 LaTeX kernel commands for general use (HO)
)
\Gread@gobject=\count92
)
(c:/texlive/2013/texmf-dist/tex/latex/colortbl/colortbl.sty
Package: colortbl 2012/02/13 v1.0a Color table columns (DPC)
\everycr=\toks18
\minrowclearance=\skip46
)
\rownum=\count93
Package xcolor Info: Model `cmy' substituted by `cmy0' on input line 1337.
Package xcolor Info: Model `hsb' substituted by `rgb' on input line 1341.
Package xcolor Info: Model `RGB' extended on input line 1353.
Package xcolor Info: Model `HTML' substituted by `rgb' on input line 1355.
Package xcolor Info: Model `Hsb' substituted by `hsb' on input line 1356.
Package xcolor Info: Model `tHsb' substituted by `hsb' on input line 1357.
Package xcolor Info: Model `HSB' substituted by `hsb' on input line 1358.
Package xcolor Info: Model `Gray' substituted by `gray' on input line 1359.
Package xcolor Info: Model `wave' substituted by `hsb' on input line 1360.
)
(c:/texlive/2013/texmf-dist/tex/latex/mh/mathtools.sty
Package: mathtools 2013/02/12 v1.13 mathematical typesetting tools

(c:/texlive/2013/texmf-dist/tex/latex/tools/calc.sty
Package: calc 2007/08/22 v4.3 Infix arithmetic (KKT,FJ)
\calc@Acount=\count94
\calc@Bcount=\count95
\calc@Adimen=\dimen114
\calc@Bdimen=\dimen115
\calc@Askip=\skip47
\calc@Bskip=\skip48
LaTeX Info: Redefining \setlength on input line 76.
LaTeX Info: Redefining \addtolength on input line 77.
\calc@Ccount=\count96
\calc@Cskip=\skip49
)
(c:/texlive/2013/texmf-dist/tex/latex/mh/mhsetup.sty
Package: mhsetup 2010/01/21 v1.2a programming setup (MH)
)
(c:/texlive/2013/texmf-dist/tex/latex/amsmath/amsmath.sty
Package: amsmath 2013/01/14 v2.14 AMS math features
\@mathmargin=\skip50

For additional information on amsmath, use the `?' option.
(c:/texlive/2013/texmf-dist/tex/latex/amsmath/amstext.sty
Package: amstext 2000/06/29 v2.01

(c:/texlive/2013/texmf-dist/tex/latex/amsmath/amsgen.sty
File: amsgen.sty 1999/11/30 v2.0
\@emptytoks=\toks19
\ex@=\dimen116
))
(c:/texlive/2013/texmf-dist/tex/latex/amsmath/amsbsy.sty
Package: amsbsy 1999/11/29 v1.2d
\pmbraise@=\dimen117
)
(c:/texlive/2013/texmf-dist/tex/latex/amsmath/amsopn.sty
Package: amsopn 1999/12/14 v2.01 operator names
)
\inf@bad=\count97
LaTeX Info: Redefining \frac on input line 210.
\uproot@=\count98
\leftroot@=\count99
LaTeX Info: Redefining \overline on input line 306.
\classnum@=\count100
\DOTSCASE@=\count101
LaTeX Info: Redefining \ldots on input line 378.
LaTeX Info: Redefining \dots on input line 381.
LaTeX Info: Redefining \cdots on input line 466.
\Mathstrutbox@=\box26
\strutbox@=\box27
\big@size=\dimen118
LaTeX Font Info:    Redeclaring font encoding OML on input line 566.
LaTeX Font Info:    Redeclaring font encoding OMS on input line 567.
\macc@depth=\count102
\c@MaxMatrixCols=\count103
\dotsspace@=\muskip10
\c@parentequation=\count104
\dspbrk@lvl=\count105
\tag@help=\toks20
\row@=\count106
\column@=\count107
\maxfields@=\count108
\andhelp@=\toks21
\eqnshift@=\dimen119
\alignsep@=\dimen120
\tagshift@=\dimen121
\tagwidth@=\dimen122
\totwidth@=\dimen123
\lineht@=\dimen124
\@envbody=\toks22
\multlinegap=\skip51
\multlinetaggap=\skip52
\mathdisplay@stack=\toks23
LaTeX Info: Redefining \[ on input line 2665.
LaTeX Info: Redefining \] on input line 2666.
)
LaTeX Info: Thecontrolsequence`\['isalreadyrobust on input line 129.
LaTeX Info: Thecontrolsequence`\]'isalreadyrobust on input line 129.
\g_MT_multlinerow_int=\count109
\l_MT_multwidth_dim=\dimen125
\origjot=\skip53
\l_MT_shortvdotswithinadjustabove_dim=\dimen126
\l_MT_shortvdotswithinadjustbelow_dim=\dimen127
\l_MT_above_intertext_sep=\dimen128
\l_MT_below_intertext_sep=\dimen129
\l_MT_above_shortintertext_sep=\dimen130
\l_MT_below_shortintertext_sep=\dimen131
) (./unitexample.aux)
\openout1 = `unitexample.aux'.

LaTeX Font Info:    Checking defaults for OML/cmm/m/it on input line 15.
LaTeX Font Info:    ... okay on input line 15.
LaTeX Font Info:    Checking defaults for T1/cmr/m/n on input line 15.
LaTeX Font Info:    ... okay on input line 15.
LaTeX Font Info:    Checking defaults for OT1/cmr/m/n on input line 15.
LaTeX Font Info:    ... okay on input line 15.
LaTeX Font Info:    Checking defaults for OMS/cmsy/m/n on input line 15.
LaTeX Font Info:    ... okay on input line 15.
LaTeX Font Info:    Checking defaults for OMX/cmex/m/n on input line 15.
LaTeX Font Info:    ... okay on input line 15.
LaTeX Font Info:    Checking defaults for U/cmr/m/n on input line 15.
LaTeX Font Info:    ... okay on input line 15.
*geometry* driver: auto-detecting
*geometry* detected driver: pdftex
*geometry* verbose mode - [ preamble ] result:
* driver: pdftex
* paper: <default>
* layout: <same size as paper>
* layoutoffset:(h,v)=(0.0pt,0.0pt)
* modes: 
* h-part:(L,W,R)=(92.14519pt, 430.00462pt, 92.14519pt)
* v-part:(T,H,B)=(95.39737pt, 556.47656pt, 143.09605pt)
* \paperwidth=614.295pt
* \paperheight=794.96999pt
* \textwidth=430.00462pt
* \textheight=556.47656pt
* \oddsidemargin=19.8752pt
* \evensidemargin=19.8752pt
* \topmargin=-13.87262pt
* \headheight=12.0pt
* \headsep=25.0pt
* \topskip=10.0pt
* \footskip=30.0pt
* \marginparwidth=65.0pt
* \marginparsep=11.0pt
* \columnsep=10.0pt
* \skip\footins=9.0pt plus 4.0pt minus 2.0pt
* \hoffset=0.0pt
* \voffset=0.0pt
* \mag=1000
* \@twocolumnfalse
* \@twosidefalse
* \@mparswitchfalse
* \@reversemarginfalse
* (1in=72.27pt=25.4mm, 1cm=28.453pt)

LaTeX Info: Redefining \microtypecontext on input line 15.
Package microtype Info: Generating PDF output.
Package microtype Info: Character protrusion enabled (level 2).
Package microtype Info: Using default protrusion set `alltext'.
Package microtype Info: Automatic font expansion enabled (level 2),
(microtype)             stretch: 20, shrink: 20, step: 1, non-selected.
Package microtype Info: Using default expansion set `basictext'.
Package microtype Info: No adjustment of tracking.
Package microtype Info: No adjustment of interword spacing.
Package microtype Info: No adjustment of character kerning.
(c:/texlive/2013/texmf-dist/tex/latex/microtype/mt-cmr.cfg
File: mt-cmr.cfg 2013/05/19 v2.2 microtype config. file: Computer Modern Roman 
(RS)
)
(c:/texlive/2013/texmf-dist/tex/context/base/supp-pdf.mkii
[Loading MPS to PDF converter (version 2006.09.02).]
\scratchcounter=\count110
\scratchdimen=\dimen132
\scratchbox=\box28
\nofMPsegments=\count111
\nofMParguments=\count112
\everyMPshowfont=\toks24
\MPscratchCnt=\count113
\MPscratchDim=\dimen133
\MPnumerator=\count114
\makeMPintoPDFobject=\count115
\everyMPtoPDFconversion=\toks25
) (c:/texlive/2013/texmf-dist/tex/latex/graphics/graphicx.sty
Package: graphicx 1999/02/16 v1.0f Enhanced LaTeX Graphics (DPC,SPQR)

(c:/texlive/2013/texmf-dist/tex/latex/graphics/graphics.sty
Package: graphics 2009/02/05 v1.0o Standard LaTeX Graphics (DPC,SPQR)

(c:/texlive/2013/texmf-dist/tex/latex/graphics/trig.sty
Package: trig 1999/03/16 v1.09 sin cos tan (DPC)
)
(c:/texlive/2013/texmf-dist/tex/latex/latexconfig/graphics.cfg
File: graphics.cfg 2010/04/23 v1.9 graphics configuration of TeX Live
)
Package graphics Info: Driver file: pdftex.def on input line 91.
)
(c:/texlive/2013/texmf-dist/tex/generic/oberdiek/pdftexcmds.sty
Package: pdftexcmds 2011/11/29 v0.20 Utility functions of pdfTeX for LuaTeX (HO
)

(c:/texlive/2013/texmf-dist/tex/generic/oberdiek/ifluatex.sty
Package: ifluatex 2010/03/01 v1.3 Provides the ifluatex switch (HO)
Package ifluatex Info: LuaTeX not detected.
)
Package pdftexcmds Info: LuaTeX not detected.
Package pdftexcmds Info: \pdf@primitive is available.
Package pdftexcmds Info: \pdf@ifprimitive is available.
Package pdftexcmds Info: \pdfdraftmode found.
)
(c:/texlive/2013/texmf-dist/tex/latex/oberdiek/epstopdf-base.sty
Package: epstopdf-base 2010/02/09 v2.5 Base part for package epstopdf

(c:/texlive/2013/texmf-dist/tex/latex/oberdiek/grfext.sty
Package: grfext 2010/08/19 v1.1 Manage graphics extensions (HO)

(c:/texlive/2013/texmf-dist/tex/generic/oberdiek/kvdefinekeys.sty
Package: kvdefinekeys 2011/04/07 v1.3 Define keys (HO)
))
(c:/texlive/2013/texmf-dist/tex/latex/oberdiek/kvoptions.sty
Package: kvoptions 2011/06/30 v3.11 Key value format for package options (HO)

(c:/texlive/2013/texmf-dist/tex/generic/oberdiek/kvsetkeys.sty
Package: kvsetkeys 2012/04/25 v1.16 Key value parser (HO)

(c:/texlive/2013/texmf-dist/tex/generic/oberdiek/etexcmds.sty
Package: etexcmds 2011/02/16 v1.5 Avoid name clashes with e-TeX commands (HO)
Package etexcmds Info: Could not find \expanded.
(etexcmds)             That can mean that you are not using pdfTeX 1.50 or
(etexcmds)             that some package has redefined \expanded.
(etexcmds)             In the latter case, load this package earlier.
)))
Package grfext Info: Graphics extension search list:
(grfext)             [.png,.pdf,.jpg,.mps,.jpeg,.jbig2,.jb2,.PNG,.PDF,.JPG,.JPE
G,.JBIG2,.JB2,.eps]
(grfext)             \AppendGraphicsExtensions on input line 452.

(c:/texlive/2013/texmf-dist/tex/latex/latexconfig/epstopdf-sys.cfg
File: epstopdf-sys.cfg 2010/07/13 v1.3 Configuration of (r)epstopdf for TeX Liv
e
))
\Gin@req@height=\dimen134
\Gin@req@width=\dimen135
) [1

{c:/texlive/2013/texmf-var/fonts/map/pdftex/updmap/pdftex.map}] [2

] [3

]
LaTeX Font Info:    Try loading font information for OMS+cmr on input line 149.


(c:/texlive/2013/texmf-dist/tex/latex/base/omscmr.fd
File: omscmr.fd 1999/05/25 v2.5h Standard LaTeX font definitions
)
LaTeX Font Info:    Font shape `OMS/cmr/m/n' in size <10> not available
(Font)              Font shape `OMS/cmsy/m/n' tried instead on input line 149.
 [4

] (./unitexample.aux) ) 
Here is how much of TeX's memory you used:
 5178 strings out of 493315
 76549 string characters out of 6141455
 194485 words of memory out of 5000000
 8553 multiletter control sequences out of 15000+600000
 6238 words of font info for 33 fonts, out of 8000000 for 9000
 957 hyphenation exceptions out of 8191
 51i,11n,35p,311b,151s stack positions out of 5000i,500n,10000p,200000b,80000s
<c:/texlive/2013/texmf-dist/fonts/type1/public/amsfonts/
cm/cmbx10.pfb><c:/texlive/2013/texmf-dist/fonts/type1/public/amsfonts/cm/cmbx12
.pfb><c:/texlive/2013/texmf-dist/fonts/type1/public/amsfonts/cm/cmbx7.pfb><c:/t
exlive/2013/texmf-dist/fonts/type1/public/amsfonts/cm/cmex10.pfb><c:/texlive/20
13/texmf-dist/fonts/type1/public/amsfonts/cm/cmmi10.pfb><c:/texlive/2013/texmf-
dist/fonts/type1/public/amsfonts/cm/cmmi5.pfb><c:/texlive/2013/texmf-dist/fonts
/type1/public/amsfonts/cm/cmmi7.pfb><c:/texlive/2013/texmf-dist/fonts/type1/pub
lic/amsfonts/cm/cmr10.pfb><c:/texlive/2013/texmf-dist/fonts/type1/public/amsfon
ts/cm/cmr7.pfb><c:/texlive/2013/texmf-dist/fonts/type1/public/amsfonts/cm/cmsy1
0.pfb>
Output written on unitexample.pdf (4 pages, 100361 bytes).
PDF statistics:
 57 PDF objects out of 1000 (max. 8388607)
 40 compressed objects within 1 object stream
 0 named destinations out of 1000 (max. 500000)
 5633 words of extra memory for PDF output out of 10000 (max. 10000000)

